<?xml version="1.0" encoding="UTF-8"?>
<testng-results ignored="0" total="1" passed="1" failed="0" skipped="0">
  <reporter-output>
  </reporter-output>
  <suite started-at="2022-08-29T08:59:47 IST" name="Suite" finished-at="2022-08-29T08:59:51 IST" duration-ms="3923">
    <groups>
    </groups>
    <test started-at="2022-08-29T08:59:47 IST" name="Test" finished-at="2022-08-29T08:59:51 IST" duration-ms="3923">
      <class name="test.NewClass">
        <test-method signature="name()[pri:0, instance:test.NewClass@482bce4f]" started-at="2022-08-29T08:59:47 IST" name="name" finished-at="2022-08-29T08:59:51 IST" duration-ms="3878" status="PASS">
          <reporter-output>
          </reporter-output>
        </test-method> <!-- name -->
      </class> <!-- test.NewClass -->
    </test> <!-- Test -->
  </suite> <!-- Suite -->
</testng-results>
